<?xml version="1.0" encoding="UTF-8"?>
<!-- Generated by org.testng.reporters.JUnitXMLReporter -->
<testsuite ignored="0" hostname="DESKTOP-O9G7L1R" failures="1" tests="1" name="Test" time="25.275" errors="0" timestamp="2024-01-18T15:19:25 IST">
  <testcase classname="Cyclos_TestCases.OrangeHRM_LoginTest" name="LoginTest" time="11.664">
    <failure type="java.lang.AssertionError" message="expected [true] but found [false]">
      <![CDATA[java.lang.AssertionError: expected [true] but found [false]
at Cyclos_TestCases.OrangeHRM_LoginTest.LoginTest(OrangeHRM_LoginTest.java:36)
at java.base/java.util.ArrayList.forEach(ArrayList.java:1511)
... Removed 31 stack frames]]>
    </failure>
  </testcase> <!-- LoginTest -->
</testsuite> <!-- Test -->
