<?xml version="1.0" encoding="UTF-8"?>
<!-- Generated by org.testng.reporters.JUnitXMLReporter -->
Bhavana
<testsuite ignored="0" hostname="DESKTOP-PUJ2SID" failures="1" tests="1" name="Test" time="15.041" errors="0" timestamp="2024-01-11T10:36:41 IST">
  <testcase classname="Cyclos_TestCases.Cyclos_TestClass" name="LoginTest" time="2.12">
    <failure type="java.lang.NullPointerException" message="Cannot invoke &amp;quot;org.openqa.selenium.SearchContext.findElement(org.openqa.selenium.By)&amp;quot; because &amp;quot;this.searchContext&amp;quot; is null">
      <![CDATA[java.lang.NullPointerException: Cannot invoke "org.openqa.selenium.SearchContext.findElement(org.openqa.selenium.By)" because "this.searchContext" is null
at org.openqa.selenium.support.pagefactory.DefaultElementLocator.findElement(DefaultElementLocator.java:68)
at org.openqa.selenium.support.pagefactory.internal.LocatingElementHandler.invoke(LocatingElementHandler.java:38)
at jdk.proxy2/jdk.proxy2.$Proxy16.sendKeys(Unknown Source)
at Cyclos_PageObjects.Cyclos_LoginPage.setUsername(Cyclos_LoginPage.java:25)
at Cyclos_TestCases.Cyclos_TestClass.LoginTest(Cyclos_TestClass.java:14)
at java.base/java.util.ArrayList.forEach(ArrayList.java:1511)
... Removed 27 stack frames]]>
    </failure>
  </testcase> <!-- LoginTest -->

<varalasrijitha
 varalasrijitha
<testsuite ignored="0" hostname="DESKTOP-G7O44RL" failures="0" tests="1" name="Test" time="12.89" errors="0" timestamp="2024-01-10T14:13:25 IST">
  <testcase classname="Cyclos_TestCases.Cyclos_LoginTest" name="logintest" time="8.416"/>

PrabhavathiMallepally
<testsuite ignored="0" hostname="DESKTOP-O9G7L1R" failures="0" tests="1" name="Test" time="13.827" errors="0" timestamp="2024-01-10T14:12:29 IST">
  <testcase classname="Cyclos_TestCases.LoginTest" name="LoginTest" time="9.029"/>
master

<testsuite ignored="0" hostname="LAPTOP-B4QP48U0" failures="0" tests="1" name="Test" time="24.127" errors="0" timestamp="2024-01-10T14:09:04 IST">
  <testcase classname="Cyclos_TestCases.Cyclos_TestCase" name="LoginTest" time="5.212"/>
master
 master
</testsuite> <!-- Test -->
