<?xml version="1.0" encoding="UTF-8"?>
<!-- Generated by org.testng.reporters.JUnitXMLReporter -->
<testsuite ignored="0" hostname="DESKTOP-PUJ2SID" failures="1" tests="1" name="Test" time="56.626" errors="0" timestamp="2024-01-19T23:06:07 IST">
  <testcase classname="Cyclos_TestCases.Cyclos_RegisterTestClass" name="RegisterTest" time="44.399">
    <failure type="java.lang.AssertionError" message="expected [true] but found [false]">
      <![CDATA[java.lang.AssertionError: expected [true] but found [false]
at Cyclos_TestCases.Cyclos_RegisterTestClass.RegisterTest(Cyclos_RegisterTestClass.java:64)
at java.base/java.util.ArrayList.forEach(ArrayList.java:1511)
... Removed 31 stack frames]]>
    </failure>
  </testcase> <!-- RegisterTest -->
</testsuite> <!-- Test -->
