<?xml version="1.0" encoding="UTF-8"?>
<!-- Generated by org.testng.reporters.JUnitXMLReporter -->
<testsuite ignored="0" hostname="DESKTOP-G7O44RL" failures="1" tests="1" name="Test" time="25.81" errors="0" timestamp="2024-01-18T14:16:07 IST">
  <testcase classname="Cyclos_TestCases.Cyclos_LoginTestOrange" name="logintest" time="14.636">
    <failure type="java.lang.AssertionError" message="expected [true] but found [false]">
      <![CDATA[java.lang.AssertionError: expected [true] but found [false]
at Cyclos_TestCases.Cyclos_LoginTestOrange.logintest(Cyclos_LoginTestOrange.java:39)
at java.base/java.util.ArrayList.forEach(ArrayList.java:1511)
... Removed 31 stack frames]]>
    </failure>
  </testcase> <!-- logintest -->
</testsuite> <!-- Test -->
