<?xml version="1.0" encoding="UTF-8"?>
<!-- Generated by org.testng.reporters.JUnitXMLReporter -->
<testsuite ignored="0" hostname="DESKTOP-UJC2F7H" failures="1" tests="1" name="Test" time="39.799" errors="0" timestamp="2024-01-18T21:50:48 EST">
  <testcase classname="Cyclos_TestCases.Testcase_Register" name="registertest" time="30.426">
    <failure type="junit.framework.AssertionFailedError">
      <![CDATA[junit.framework.AssertionFailedError
at junit.framework.Assert.fail(Assert.java:47)
at junit.framework.Assert.assertTrue(Assert.java:20)
at junit.framework.Assert.assertTrue(Assert.java:27)
at Cyclos_TestCases.Testcase_Register.registertest(Testcase_Register.java:53)
at java.base/java.util.ArrayList.forEach(ArrayList.java:1511)
... Removed 27 stack frames]]>
    </failure>
  </testcase> <!-- registertest -->
</testsuite> <!-- Test -->
