<?xml version="1.0" encoding="UTF-8"?>
<!-- Generated by org.testng.reporters.JUnitXMLReporter -->

<testsuite ignored="0" hostname="DESKTOP-UJC2F7H" failures="0" tests="1" name="Test" time="39.399" errors="0" timestamp="2024-01-17T17:05:06 IST">
  <testcase classname="Cyclos_TestCases.Cyclos_RegestrationTest" name="RegistrationTest" time="31.47"/>

 vinodkumar
 vinodkumar
<testsuite ignored="0" hostname="LAPTOP-C59RG53V" failures="0" tests="1" name="Test" time="16.387" errors="0" timestamp="2024-01-11T12:23:44 IST">
  <testcase classname="Cyclos_TestCases.Cyclos_test" name="LoginTest" time="8.85"/>

 Naveen


<testsuite ignored="0" hostname="DESKTOP-UJC2F7H" failures="0" tests="1" name="Test" time="15.04" errors="0" timestamp="2024-01-11T10:31:43 IST">
  <testcase classname="Cyclos_TestCases.Login_Test" name="LoginTest" time="8.269"/>

 master
<testsuite ignored="0" hostname="DESKTOP-UJC2F7H" failures="0" tests="1" name="Test" time="16.176" errors="0" timestamp="2024-01-10T02:24:46 EST">
  <testcase classname="Cyclos_TestCases.Testcaselogin" name="logintest" time="8.269"/>


<testsuite ignored="0" hostname="DESKTOP-PUJ2SID" failures="1" tests="1" name="Test" time="15.041" errors="0" timestamp="2024-01-11T10:36:41 IST">
  <testcase classname="Cyclos_TestCases.Cyclos_TestClass" name="LoginTest" time="2.12">
    <failure type="java.lang.NullPointerException" message="Cannot invoke &amp;quot;org.openqa.selenium.SearchContext.findElement(org.openqa.selenium.By)&amp;quot; because &amp;quot;this.searchContext&amp;quot; is null">
      <![CDATA[java.lang.NullPointerException: Cannot invoke "org.openqa.selenium.SearchContext.findElement(org.openqa.selenium.By)" because "this.searchContext" is null
at org.openqa.selenium.support.pagefactory.DefaultElementLocator.findElement(DefaultElementLocator.java:68)
at org.openqa.selenium.support.pagefactory.internal.LocatingElementHandler.invoke(LocatingElementHandler.java:38)
at jdk.proxy2/jdk.proxy2.$Proxy16.sendKeys(Unknown Source)
at Cyclos_PageObjects.Cyclos_LoginPage.setUsername(Cyclos_LoginPage.java:25)
at Cyclos_TestCases.Cyclos_TestClass.LoginTest(Cyclos_TestClass.java:14)
at java.base/java.util.ArrayList.forEach(ArrayList.java:1511)
... Removed 27 stack frames]]>
    </failure>
  </testcase> <!-- LoginTest -->


<testsuite ignored="0" hostname="DESKTOP-G7O44RL" failures="0" tests="1" name="Test" time="12.89" errors="0" timestamp="2024-01-10T14:13:25 IST">
  <testcase classname="Cyclos_TestCases.Cyclos_LoginTest" name="logintest" time="8.416"/>


<testsuite ignored="0" hostname="DESKTOP-O9G7L1R" failures="0" tests="1" name="Test" time="13.827" errors="0" timestamp="2024-01-10T14:12:29 IST">
  <testcase classname="Cyclos_TestCases.LoginTest" name="LoginTest" time="9.029"/>


<testsuite ignored="0" hostname="LAPTOP-B4QP48U0" failures="0" tests="1" name="Test" time="24.127" errors="0" timestamp="2024-01-10T14:09:04 IST">
  <testcase classname="Cyclos_TestCases.Cyclos_TestCase" name="LoginTest" time="5.212"/>
 vinodkumar
master
 master
 master
 master
  

 master

</testsuite> <!-- Test -->
