<?xml version="1.0" encoding="UTF-8"?>
<!-- Generated by org.testng.reporters.JUnitXMLReporter -->
 varalasrijitha
<testsuite ignored="0" hostname="DESKTOP-G7O44RL" failures="0" tests="1" name="Test" time="12.89" errors="0" timestamp="2024-01-10T14:13:25 IST">
  <testcase classname="Cyclos_TestCases.Cyclos_LoginTest" name="logintest" time="8.416"/>

<testsuite ignored="0" hostname="LAPTOP-B4QP48U0" failures="0" tests="1" name="Test" time="24.127" errors="0" timestamp="2024-01-10T14:09:04 IST">
  <testcase classname="Cyclos_TestCases.Cyclos_TestCase" name="LoginTest" time="5.212"/>
master
</testsuite> <!-- Test -->
