<?xml version="1.0" encoding="UTF-8"?>
<testng-results ignored="0" total="1" passed="1" failed="0" skipped="0">
  <reporter-output>
  </reporter-output>
  <suite started-at="2024-01-13T00:16:38 IST" name="Suite" finished-at="2024-01-13T00:16:58 IST" duration-ms="20154">
    <groups>
    </groups>
    <test started-at="2024-01-13T00:16:38 IST" name="Test" finished-at="2024-01-13T00:16:58 IST" duration-ms="20154">
      <class name="Cyclos_TestCases.Cyclos_TestClass">
        <test-method is-config="true" signature="OpenApplication()[pri:0, instance:Cyclos_TestCases.Cyclos_TestClass@6b2ea799]" started-at="2024-01-13T00:16:39 IST" name="OpenApplication" finished-at="2024-01-13T00:16:49 IST" duration-ms="10463" status="PASS">
          <reporter-output>
          </reporter-output>
        </test-method> <!-- OpenApplication -->
        <test-method signature="LoginTest()[pri:0, instance:Cyclos_TestCases.Cyclos_TestClass@6b2ea799]" started-at="2024-01-13T00:16:49 IST" name="LoginTest" finished-at="2024-01-13T00:16:58 IST" duration-ms="8494" status="PASS">
          <reporter-output>
          </reporter-output>
        </test-method> <!-- LoginTest -->
        <test-method is-config="true" signature="CloseApplication()[pri:0, instance:Cyclos_TestCases.Cyclos_TestClass@6b2ea799]" started-at="2024-01-13T00:16:58 IST" name="CloseApplication" finished-at="2024-01-13T00:16:58 IST" duration-ms="305" status="PASS">
          <reporter-output>
          </reporter-output>
        </test-method> <!-- CloseApplication -->
      </class> <!-- Cyclos_TestCases.Cyclos_TestClass -->
    </test> <!-- Test -->
  </suite> <!-- Suite -->
</testng-results>
