<?xml version="1.0" encoding="UTF-8"?>
<testng-results ignored="0" total="1" passed="1" failed="0" skipped="0">
  <reporter-output>
  </reporter-output>
  <suite started-at="2024-01-12T16:01:48 IST" name="Suite" finished-at="2024-01-12T16:02:21 IST" duration-ms="32958">
    <groups>
    </groups>
    <test started-at="2024-01-12T16:01:48 IST" name="Test" finished-at="2024-01-12T16:02:21 IST" duration-ms="32958">
      <class name="Cyclos_TestCases.Cyclos_LoginTest1">
        <test-method is-config="true" signature="openapplication(java.lang.String,java.lang.String)[pri:0, instance:Cyclos_TestCases.Cyclos_LoginTest1@639c2c1d]" started-at="2024-01-12T16:01:48 IST" name="openapplication" finished-at="2024-01-12T16:01:53 IST" duration-ms="4708" status="PASS">
          <params>
            <param index="0">
              <value>
                <![CDATA[chrome]]>
              </value>
            </param>
            <param index="1">
              <value>
                <![CDATA[https://demo.cyclos.org/ui/login]]>
              </value>
            </param>
          </params>
          <reporter-output>
          </reporter-output>
        </test-method> <!-- openapplication -->
        <test-method signature="logintest()[pri:0, instance:Cyclos_TestCases.Cyclos_LoginTest1@639c2c1d]" started-at="2024-01-12T16:01:53 IST" name="logintest" finished-at="2024-01-12T16:02:21 IST" duration-ms="28073" status="PASS">
          <reporter-output>
          </reporter-output>
        </test-method> <!-- logintest -->
        <test-method is-config="true" signature="closeApplication()[pri:0, instance:Cyclos_TestCases.Cyclos_LoginTest1@639c2c1d]" started-at="2024-01-12T16:02:21 IST" name="closeApplication" finished-at="2024-01-12T16:02:21 IST" duration-ms="130" status="PASS">
          <reporter-output>
          </reporter-output>
        </test-method> <!-- closeApplication -->
      </class> <!-- Cyclos_TestCases.Cyclos_LoginTest1 -->
    </test> <!-- Test -->
  </suite> <!-- Suite -->
</testng-results>
