<?xml version="1.0" encoding="UTF-8"?>
<testng-results ignored="0" total="1" passed="1" failed="0" skipped="0">
  <reporter-output>
  </reporter-output>
  <suite started-at="2024-01-18T12:35:57 IST" name="Suite" finished-at="2024-01-18T12:36:35 IST" duration-ms="38621">
    <groups>
    </groups>
    <test started-at="2024-01-18T12:35:57 IST" name="Test" finished-at="2024-01-18T12:36:35 IST" duration-ms="38621">
      <class name="Cyclos_TestCases.Testcase_Register">
        <test-method is-config="true" signature="openapplication(java.lang.String)[pri:0, instance:Cyclos_TestCases.Testcase_Register@5b239d7d]" started-at="2024-01-18T12:35:57 IST" name="openapplication" finished-at="2024-01-18T12:36:07 IST" duration-ms="9591" status="PASS">
          <params>
            <param index="0">
              <value>
                <![CDATA[edge]]>
              </value>
            </param>
          </params>
          <reporter-output>
          </reporter-output>
        </test-method> <!-- openapplication -->
        <test-method signature="registertest()[pri:0, instance:Cyclos_TestCases.Testcase_Register@5b239d7d]" started-at="2024-01-18T12:36:07 IST" name="registertest" finished-at="2024-01-18T12:36:35 IST" duration-ms="27880" status="PASS">
          <reporter-output>
          </reporter-output>
        </test-method> <!-- registertest -->
        <test-method is-config="true" signature="closeapplication()[pri:0, instance:Cyclos_TestCases.Testcase_Register@5b239d7d]" started-at="2024-01-18T12:36:35 IST" name="closeapplication" finished-at="2024-01-18T12:36:35 IST" duration-ms="526" status="PASS">
          <reporter-output>
          </reporter-output>
        </test-method> <!-- closeapplication -->
      </class> <!-- Cyclos_TestCases.Testcase_Register -->
    </test> <!-- Test -->
  </suite> <!-- Suite -->
</testng-results>
