<?xml version="1.0" encoding="UTF-8"?>
<testng-results ignored="0" total="1" passed="1" failed="0" skipped="0">
  <reporter-output>
  </reporter-output>
  <suite started-at="2024-01-17T10:50:42 IST" name="Suite" finished-at="2024-01-17T10:51:34 IST" duration-ms="51319">
    <groups>
    </groups>
    <test started-at="2024-01-17T10:50:42 IST" name="Test" finished-at="2024-01-17T10:51:34 IST" duration-ms="51319">
      <class name="Cyclos_TestCases.Cyclos_RegisterTest">
        <test-method is-config="true" signature="OpenApplication(java.lang.String)[pri:0, instance:Cyclos_TestCases.Cyclos_RegisterTest@173ed316]" started-at="2024-01-17T10:50:43 IST" name="OpenApplication" finished-at="2024-01-17T10:50:49 IST" duration-ms="5993" status="PASS">
          <params>
            <param index="0">
              <value>
                <![CDATA[chrome]]>
              </value>
            </param>
          </params>
          <reporter-output>
          </reporter-output>
        </test-method> <!-- OpenApplication -->
        <test-method signature="RegisterTest()[pri:0, instance:Cyclos_TestCases.Cyclos_RegisterTest@173ed316]" started-at="2024-01-17T10:50:49 IST" name="RegisterTest" finished-at="2024-01-17T10:51:34 IST" duration-ms="44926" status="PASS">
          <reporter-output>
          </reporter-output>
        </test-method> <!-- RegisterTest -->
        <test-method is-config="true" signature="CloseApplication()[pri:0, instance:Cyclos_TestCases.Cyclos_RegisterTest@173ed316]" started-at="2024-01-17T10:51:34 IST" name="CloseApplication" finished-at="2024-01-17T10:51:34 IST" duration-ms="130" status="PASS">
          <reporter-output>
          </reporter-output>
        </test-method> <!-- CloseApplication -->
      </class> <!-- Cyclos_TestCases.Cyclos_RegisterTest -->
    </test> <!-- Test -->
  </suite> <!-- Suite -->
</testng-results>
