<?xml version="1.0" encoding="UTF-8"?>
<testng-results ignored="0" total="1" passed="1" failed="0" skipped="0">
  <reporter-output>
  </reporter-output>
  <suite started-at="2024-01-11T11:57:13 IST" name="Suite" finished-at="2024-01-11T11:57:34 IST" duration-ms="21735">
    <groups>
    </groups>
    <test started-at="2024-01-11T11:57:13 IST" name="Test" finished-at="2024-01-11T11:57:34 IST" duration-ms="21735">
      <class name="Cyclos_TestCases.Cyclos_TestClass">
        <test-method is-config="true" signature="OpenApplication()[pri:0, instance:Cyclos_TestCases.Cyclos_TestClass@77888435]" started-at="2024-01-11T11:57:13 IST" name="OpenApplication" finished-at="2024-01-11T11:57:25 IST" duration-ms="12375" status="PASS">
          <reporter-output>
          </reporter-output>
        </test-method> <!-- OpenApplication -->
        <test-method signature="LoginTest()[pri:0, instance:Cyclos_TestCases.Cyclos_TestClass@77888435]" started-at="2024-01-11T11:57:25 IST" name="LoginTest" finished-at="2024-01-11T11:57:34 IST" duration-ms="8720" status="PASS">
          <reporter-output>
          </reporter-output>
        </test-method> <!-- LoginTest -->
        <test-method is-config="true" signature="CloseApplication()[pri:0, instance:Cyclos_TestCases.Cyclos_TestClass@77888435]" started-at="2024-01-11T11:57:34 IST" name="CloseApplication" finished-at="2024-01-11T11:57:34 IST" duration-ms="510" status="PASS">
          <reporter-output>
          </reporter-output>
        </test-method> <!-- CloseApplication -->
      </class> <!-- Cyclos_TestCases.Cyclos_TestClass -->
    </test> <!-- Test -->
  </suite> <!-- Suite -->
</testng-results>
