<?xml version="1.0" encoding="UTF-8"?>
<testng-results ignored="0" total="1" passed="1" failed="0" skipped="0">
  <reporter-output>
  </reporter-output>
  <suite started-at="2024-01-11T12:23:28 IST" name="Suite" finished-at="2024-01-11T12:23:44 IST" duration-ms="16387">
    <groups>
    </groups>
    <test started-at="2024-01-11T12:23:28 IST" name="Test" finished-at="2024-01-11T12:23:44 IST" duration-ms="16387">
      <class name="Cyclos_TestCases.Cyclos_test">
        <test-method is-config="true" signature="OpenApplication()[pri:0, instance:Cyclos_TestCases.Cyclos_test@4c583ecf]" started-at="2024-01-11T12:23:28 IST" name="OpenApplication" finished-at="2024-01-11T12:23:35 IST" duration-ms="7116" status="PASS">
          <reporter-output>
          </reporter-output>
        </test-method> <!-- OpenApplication -->
        <test-method signature="LoginTest()[pri:0, instance:Cyclos_TestCases.Cyclos_test@4c583ecf]" started-at="2024-01-11T12:23:35 IST" name="LoginTest" finished-at="2024-01-11T12:23:44 IST" duration-ms="8850" status="PASS">
          <reporter-output>
          </reporter-output>
        </test-method> <!-- LoginTest -->
        <test-method is-config="true" signature="CloseApplication()[pri:0, instance:Cyclos_TestCases.Cyclos_test@4c583ecf]" started-at="2024-01-11T12:23:44 IST" name="CloseApplication" finished-at="2024-01-11T12:23:44 IST" duration-ms="357" status="PASS">
          <reporter-output>
          </reporter-output>
        </test-method> <!-- CloseApplication -->
      </class> <!-- Cyclos_TestCases.Cyclos_test -->
    </test> <!-- Test -->
  </suite> <!-- Suite -->
</testng-results>
