<?xml version="1.0" encoding="UTF-8"?>
<testng-results ignored="0" total="1" passed="1" failed="0" skipped="0">
  <reporter-output>
  </reporter-output>
  <suite started-at="2024-01-12T15:00:10 IST" name="Suite" finished-at="2024-01-12T15:01:02 IST" duration-ms="52107">
    <groups>
    </groups>
    <test started-at="2024-01-12T15:00:10 IST" name="Test" finished-at="2024-01-12T15:01:02 IST" duration-ms="52107">
      <class name="Cyclos_TestCases.Cyclos_RegisterTestClass">
        <test-method is-config="true" signature="OpenApplication()[pri:0, instance:Cyclos_TestCases.Cyclos_RegisterTestClass@77888435]" started-at="2024-01-12T15:00:10 IST" name="OpenApplication" finished-at="2024-01-12T15:00:31 IST" duration-ms="21316" status="PASS">
          <reporter-output>
          </reporter-output>
        </test-method> <!-- OpenApplication -->
        <test-method signature="RegisterTest()[pri:0, instance:Cyclos_TestCases.Cyclos_RegisterTestClass@77888435]" started-at="2024-01-12T15:00:31 IST" name="RegisterTest" finished-at="2024-01-12T15:00:59 IST" duration-ms="28341" status="PASS">
          <reporter-output>
          </reporter-output>
        </test-method> <!-- RegisterTest -->
        <test-method is-config="true" signature="CloseApplication()[pri:0, instance:Cyclos_TestCases.Cyclos_RegisterTestClass@77888435]" started-at="2024-01-12T15:00:59 IST" name="CloseApplication" finished-at="2024-01-12T15:01:02 IST" duration-ms="2289" status="PASS">
          <reporter-output>
          </reporter-output>
        </test-method> <!-- CloseApplication -->
      </class> <!-- Cyclos_TestCases.Cyclos_RegisterTestClass -->
    </test> <!-- Test -->
  </suite> <!-- Suite -->
</testng-results>
