<?xml version="1.0" encoding="UTF-8"?>
<testng-results ignored="0" total="1" passed="1" failed="0" skipped="0">
  <reporter-output>
  </reporter-output>
  <suite started-at="2024-01-12T19:29:16 IST" name="Suite" finished-at="2024-01-12T19:30:37 IST" duration-ms="80997">
    <groups>
    </groups>
    <test started-at="2024-01-12T19:29:16 IST" name="Test" finished-at="2024-01-12T19:30:37 IST" duration-ms="80997">
      <class name="Cyclos_TestCases.Cyclos_RegisterTest">
        <test-method is-config="true" signature="OpenApplication()[pri:0, instance:Cyclos_TestCases.Cyclos_RegisterTest@11392934]" started-at="2024-01-12T19:29:16 IST" name="OpenApplication" finished-at="2024-01-12T19:29:35 IST" duration-ms="18982" status="PASS">
          <reporter-output>
          </reporter-output>
        </test-method> <!-- OpenApplication -->
        <test-method signature="RegisterTest()[pri:0, instance:Cyclos_TestCases.Cyclos_RegisterTest@11392934]" started-at="2024-01-12T19:29:35 IST" name="RegisterTest" finished-at="2024-01-12T19:30:37 IST" duration-ms="61829" status="PASS">
          <reporter-output>
          </reporter-output>
        </test-method> <!-- RegisterTest -->
        <test-method is-config="true" signature="CloseApplication()[pri:0, instance:Cyclos_TestCases.Cyclos_RegisterTest@11392934]" started-at="2024-01-12T19:30:37 IST" name="CloseApplication" finished-at="2024-01-12T19:30:37 IST" duration-ms="132" status="PASS">
          <reporter-output>
          </reporter-output>
        </test-method> <!-- CloseApplication -->
      </class> <!-- Cyclos_TestCases.Cyclos_RegisterTest -->
    </test> <!-- Test -->
  </suite> <!-- Suite -->
</testng-results>
