<?xml version="1.0" encoding="UTF-8"?>
<testng-results ignored="0" total="1" passed="1" failed="0" skipped="0">
  <reporter-output>
  </reporter-output>
  <suite started-at="2024-01-17T10:36:32 IST" name="Suite" finished-at="2024-01-17T10:36:46 IST" duration-ms="13883">
    <groups>
    </groups>
    <test started-at="2024-01-17T10:36:32 IST" name="Test" finished-at="2024-01-17T10:36:46 IST" duration-ms="13883">
      <class name="Cyclos_TestCases.Cyclos_TestCase">
        <test-method is-config="true" signature="OpenApplication()[pri:0, instance:Cyclos_TestCases.Cyclos_TestCase@51399530]" started-at="2024-01-17T10:36:32 IST" name="OpenApplication" finished-at="2024-01-17T10:36:41 IST" duration-ms="9184" status="PASS">
          <reporter-output>
          </reporter-output>
        </test-method> <!-- OpenApplication -->
        <test-method signature="LoginTest()[pri:0, instance:Cyclos_TestCases.Cyclos_TestCase@51399530]" started-at="2024-01-17T10:36:41 IST" name="LoginTest" finished-at="2024-01-17T10:36:46 IST" duration-ms="4361" status="PASS">
          <reporter-output>
          </reporter-output>
        </test-method> <!-- LoginTest -->
        <test-method is-config="true" signature="CloseApplication()[pri:0, instance:Cyclos_TestCases.Cyclos_TestCase@51399530]" started-at="2024-01-17T10:36:46 IST" name="CloseApplication" finished-at="2024-01-17T10:36:46 IST" duration-ms="189" status="PASS">
          <reporter-output>
          </reporter-output>
        </test-method> <!-- CloseApplication -->
      </class> <!-- Cyclos_TestCases.Cyclos_TestCase -->
    </test> <!-- Test -->
  </suite> <!-- Suite -->
</testng-results>
