<?xml version="1.0" encoding="UTF-8"?>
<testng-results ignored="0" total="1" passed="1" failed="0" skipped="0">
  <reporter-output>
  </reporter-output>
  <suite started-at="2024-01-12T13:28:06 IST" name="Suite" finished-at="2024-01-12T13:28:17 IST" duration-ms="11283">
    <groups>
    </groups>
    <test started-at="2024-01-12T13:28:06 IST" name="Test" finished-at="2024-01-12T13:28:17 IST" duration-ms="11283">
      <class name="Cyclos_TestCases.Cyclos_BaseClass">
        <test-method is-config="true" signature="setUP()[pri:0, instance:Cyclos_TestCases.Cyclos_BaseClass@55141def]" started-at="2024-01-12T13:28:06 IST" name="setUP" finished-at="2024-01-12T13:28:16 IST" duration-ms="10431" status="PASS">
          <reporter-output>
          </reporter-output>
        </test-method> <!-- setUP -->
        <test-method signature="testLogin()[pri:0, instance:Cyclos_TestCases.Cyclos_BaseClass@55141def]" started-at="2024-01-12T13:28:16 IST" name="testLogin" finished-at="2024-01-12T13:28:17 IST" duration-ms="393" status="PASS">
          <reporter-output>
          </reporter-output>
        </test-method> <!-- testLogin -->
        <test-method is-config="true" signature="teanDown()[pri:0, instance:Cyclos_TestCases.Cyclos_BaseClass@55141def]" started-at="2024-01-12T13:28:17 IST" name="teanDown" finished-at="2024-01-12T13:28:17 IST" duration-ms="352" status="PASS">
          <reporter-output>
          </reporter-output>
        </test-method> <!-- teanDown -->
      </class> <!-- Cyclos_TestCases.Cyclos_BaseClass -->
    </test> <!-- Test -->
  </suite> <!-- Suite -->
</testng-results>
