<?xml version="1.0" encoding="UTF-8"?>
<testng-results ignored="0" total="1" passed="1" failed="0" skipped="0">
  <reporter-output>
  </reporter-output>
  <suite started-at="2024-01-12T09:01:18 EST" name="Suite" finished-at="2024-01-12T09:01:54 EST" duration-ms="35196">
    <groups>
    </groups>
    <test started-at="2024-01-12T09:01:18 EST" name="Test" finished-at="2024-01-12T09:01:54 EST" duration-ms="35196">
      <class name="Cyclos_TestCases.Testcase_Register">
        <test-method is-config="true" signature="openapplication(java.lang.String)[pri:0, instance:Cyclos_TestCases.Testcase_Register@2cf3d63b]" started-at="2024-01-12T09:01:19 EST" name="openapplication" finished-at="2024-01-12T09:01:27 EST" duration-ms="7925" status="PASS">
          <params>
            <param index="0">
              <value>
                <![CDATA[chrome]]>
              </value>
            </param>
          </params>
          <reporter-output>
          </reporter-output>
        </test-method> <!-- openapplication -->
        <test-method signature="registertest()[pri:0, instance:Cyclos_TestCases.Testcase_Register@2cf3d63b]" started-at="2024-01-12T09:01:27 EST" name="registertest" finished-at="2024-01-12T09:01:53 EST" duration-ms="26336" status="PASS">
          <reporter-output>
          </reporter-output>
        </test-method> <!-- registertest -->
        <test-method is-config="true" signature="closeapplication()[pri:0, instance:Cyclos_TestCases.Testcase_Register@2cf3d63b]" started-at="2024-01-12T09:01:53 EST" name="closeapplication" finished-at="2024-01-12T09:01:54 EST" duration-ms="162" status="PASS">
          <reporter-output>
          </reporter-output>
        </test-method> <!-- closeapplication -->
      </class> <!-- Cyclos_TestCases.Testcase_Register -->
    </test> <!-- Test -->
  </suite> <!-- Suite -->
</testng-results>
