<?xml version="1.0" encoding="UTF-8"?>
<testng-results ignored="0" total="1" passed="1" failed="0" skipped="0">
  <reporter-output>
  </reporter-output>
  <suite started-at="2024-01-12T20:35:42 IST" name="Suite" finished-at="2024-01-12T20:36:01 IST" duration-ms="19213">
    <groups>
    </groups>
    <test started-at="2024-01-12T20:35:42 IST" name="Test" finished-at="2024-01-12T20:36:01 IST" duration-ms="19213">
      <class name="Cyclos_TestCases.LoginTest">
        <test-method is-config="true" signature="OpenApplication()[pri:0, instance:Cyclos_TestCases.LoginTest@15bb5034]" started-at="2024-01-12T20:35:42 IST" name="OpenApplication" finished-at="2024-01-12T20:35:52 IST" duration-ms="9988" status="PASS">
          <reporter-output>
          </reporter-output>
        </test-method> <!-- OpenApplication -->
        <test-method signature="LoginTest()[pri:0, instance:Cyclos_TestCases.LoginTest@15bb5034]" started-at="2024-01-12T20:35:52 IST" name="LoginTest" finished-at="2024-01-12T20:36:01 IST" duration-ms="9029" status="PASS">
          <reporter-output>
          </reporter-output>
        </test-method> <!-- LoginTest -->
        <test-method is-config="true" signature="CloseApplication()[pri:0, instance:Cyclos_TestCases.LoginTest@15bb5034]" started-at="2024-01-12T20:36:01 IST" name="CloseApplication" finished-at="2024-01-12T20:36:01 IST" duration-ms="135" status="PASS">
          <reporter-output>
          </reporter-output>
        </test-method> <!-- CloseApplication -->
      </class> <!-- Cyclos_TestCases.LoginTest -->
    </test> <!-- Test -->
  </suite> <!-- Suite -->
</testng-results>
