<?xml version="1.0" encoding="UTF-8"?>
<testng-results ignored="0" total="1" passed="1" failed="0" skipped="0">
  <reporter-output>
  </reporter-output>
  <suite started-at="2024-01-10T02:24:30 EST" name="Suite" finished-at="2024-01-10T02:24:46 EST" duration-ms="16176">
    <groups>
    </groups>
    <test started-at="2024-01-10T02:24:30 EST" name="Test" finished-at="2024-01-10T02:24:46 EST" duration-ms="16176">
      <class name="Cyclos_TestCases.Testcaselogin">
        <test-method is-config="true" signature="openapplication()[pri:0, instance:Cyclos_TestCases.Testcaselogin@54c5a2ff]" started-at="2024-01-10T02:24:30 EST" name="openapplication" finished-at="2024-01-10T02:24:38 EST" duration-ms="7537" status="PASS">
          <reporter-output>
          </reporter-output>
        </test-method> <!-- openapplication -->
        <test-method signature="logintest()[pri:0, instance:Cyclos_TestCases.Testcaselogin@54c5a2ff]" started-at="2024-01-10T02:24:38 EST" name="logintest" finished-at="2024-01-10T02:24:46 EST" duration-ms="8269" status="PASS">
          <reporter-output>
          </reporter-output>
        </test-method> <!-- logintest -->
        <test-method is-config="true" signature="closeapplication()[pri:0, instance:Cyclos_TestCases.Testcaselogin@54c5a2ff]" started-at="2024-01-10T02:24:46 EST" name="closeapplication" finished-at="2024-01-10T02:24:46 EST" duration-ms="296" status="PASS">
          <reporter-output>
          </reporter-output>
        </test-method> <!-- closeapplication -->
      </class> <!-- Cyclos_TestCases.Testcaselogin -->
    </test> <!-- Test -->
  </suite> <!-- Suite -->
</testng-results>
