<?xml version="1.0" encoding="UTF-8"?>
<testng-results ignored="0" total="1" passed="1" failed="0" skipped="0">
  <reporter-output>
  </reporter-output>
  <suite started-at="2024-01-12T20:13:36 IST" name="Suite" finished-at="2024-01-12T20:13:52 IST" duration-ms="16025">
    <groups>
    </groups>
    <test started-at="2024-01-12T20:13:36 IST" name="Test" finished-at="2024-01-12T20:13:52 IST" duration-ms="16025">
      <class name="Cyclos_TestCases.LoginTest">
        <test-method is-config="true" signature="OpenApplication()[pri:0, instance:Cyclos_TestCases.LoginTest@470734c3]" started-at="2024-01-12T20:13:36 IST" name="OpenApplication" finished-at="2024-01-12T20:13:43 IST" duration-ms="6997" status="PASS">
          <reporter-output>
          </reporter-output>
        </test-method> <!-- OpenApplication -->
        <test-method signature="LoginTest()[pri:0, instance:Cyclos_TestCases.LoginTest@470734c3]" started-at="2024-01-12T20:13:43 IST" name="LoginTest" finished-at="2024-01-12T20:13:52 IST" duration-ms="8560" status="PASS">
          <reporter-output>
          </reporter-output>
        </test-method> <!-- LoginTest -->
        <test-method is-config="true" signature="CloseApplication()[pri:0, instance:Cyclos_TestCases.LoginTest@470734c3]" started-at="2024-01-12T20:13:52 IST" name="CloseApplication" finished-at="2024-01-12T20:13:52 IST" duration-ms="150" status="PASS">
          <reporter-output>
          </reporter-output>
        </test-method> <!-- CloseApplication -->
      </class> <!-- Cyclos_TestCases.LoginTest -->
    </test> <!-- Test -->
  </suite> <!-- Suite -->
</testng-results>
